<?xml version="1.0" encoding="UTF-8"?>
<!-- Generated by org.testng.reporters.JUnitXMLReporter -->
<testsuite hostname="jintingtingdeMacBook-Pro.local" name="TestDebug" tests="1" failures="1" timestamp="15 Nov 2017 06:10:46 GMT" time="122.278" errors="0">
  <testcase name="testCheckOut" time="116.466" classname="me.ele.opensite.test.checkout.CheckOut">
    <failure type="java.lang.NullPointerException">
      <![CDATA[java.lang.NullPointerException
	at me.ele.opensite.test.home.SearchRestaurant.testSearch(SearchRestaurant.java:55)
	at me.ele.opensite.test.checkout.CheckOut.testCheckOut(CheckOut.java:61)
	at sun.reflect.NativeMethodAccessorImpl.invoke0(Native Method)
	at sun.reflect.NativeMethodAccessorImpl.invoke(NativeMethodAccessorImpl.java:62)
	at sun.reflect.DelegatingMethodAccessorImpl.invoke(DelegatingMethodAccessorImpl.java:43)
	at java.lang.reflect.Method.invoke(Method.java:498)
	at org.testng.internal.MethodInvocationHelper.invokeMethod(MethodInvocationHelper.java:85)
	at org.testng.internal.Invoker.invokeMethod(Invoker.java:639)
	at org.testng.internal.Invoker.invokeTestMethod(Invoker.java:816)
	at org.testng.internal.Invoker.invokeTestMethods(Invoker.java:1124)
	at org.testng.internal.TestMethodWorker.invokeTestMethods(TestMethodWorker.java:125)
	at org.testng.internal.TestMethodWorker.run(TestMethodWorker.java:108)
	at java.util.concurrent.ThreadPoolExecutor.runWorker(ThreadPoolExecutor.java:1142)
	at java.util.concurrent.ThreadPoolExecutor$Worker.run(ThreadPoolExecutor.java:617)
	at java.lang.Thread.run(Thread.java:745)
]]>
    </failure>
  </testcase> <!-- testCheckOut -->
</testsuite> <!-- TestDebug -->
