<?xml version="1.0" encoding="UTF-8"?>
<testsuite name="TestSuite" time="116.48" tests="1" errors="0" skipped="0" failures="1">
  <properties>
[...]
</properties>
  <testcase name="testCheckOut" classname="me.ele.opensite.test.checkout.CheckOut" time="116.48">
    <failure type="java.lang.NullPointerException:">java.lang.NullPointerException: null
	at me.ele.opensite.test.home.SearchRestaurant.testSearch(SearchRestaurant.java:55)
	at me.ele.opensite.test.checkout.CheckOut.testCheckOut(CheckOut.java:61)
</failure>
    <system-out><![CDATA[[TestRunner] Starting executor for test TestDebug with time out:2147483647 milliseconds.
2017-11-15 14:08:44 eleme : load file:test-data/CheckOut.xml
 2017-11-15 14:08:44 eleme : load file:test-data/global.xml
 2017-11-15 14:08:45 eleme : load file:config/config.xml
 testCheckOut
2017-11-15 14:09:03 eleme : 定位地址：跃进农场
 2017-11-15 14:10:46 eleme : By.xpath: //div[1]/div/div[2]/div[2]/div[1]/section/div[2]is not exist until 100
 ]]></system-out>
    <system-err><![CDATA[Starting ChromeDriver 2.29.461585 (0be2cd95f834e9ee7c46bcc7cf405b483f5ae83b) on port 44459
Only local connections are allowed.
十一月 15, 2017 2:08:48 下午 org.openqa.selenium.remote.ProtocolHandshake createSession
信息: Detected dialect: OSS
]]></system-err>
  </testcase>
</testsuite>