<?xml version="1.0" encoding="UTF-8"?>
<testng-results skipped="0" failed="0" total="4" passed="4">
  <reporter-output>
    <line>
      <![CDATA[load file:test-data/CheckOut.xml]]>
    </line>
    <line>
      <![CDATA[load file:test-data/global.xml]]>
    </line>
    <line>
      <![CDATA[load file:config/config.xml]]>
    </line>
    <line>
      <![CDATA[定位地址：跃进农场]]>
    </line>
    <line>
      <![CDATA[<a href=screenShots/12-05-2017_06.17.04_定位跃进农场.png target='_blank' >12-05-2017_06.17.04_定位跃进农场.png</a>]]>
    </line>
    <line>
      <![CDATA[<img src=/opensite/test-output/screenShots/12-05-2017_06.17.04_定位跃进农场.png>]]>
    </line>
    <line>
      <![CDATA[搜索进入店铺：第三方小程序]]>
    </line>
    <line>
      <![CDATA[添加食物]]>
    </line>
    <line>
      <![CDATA[去下单]]>
    </line>
    <line>
      <![CDATA[定位地址：跃进农场]]>
    </line>
    <line>
      <![CDATA[<a href=screenShots/12-05-2017_06.17.25_定位跃进农场.png target='_blank' >12-05-2017_06.17.25_定位跃进农场.png</a>]]>
    </line>
    <line>
      <![CDATA[<img src=/opensite/test-output/screenShots/12-05-2017_06.17.25_定位跃进农场.png>]]>
    </line>
    <line>
      <![CDATA[搜索进入店铺：第三方小程序]]>
    </line>
    <line>
      <![CDATA[添加食物]]>
    </line>
    <line>
      <![CDATA[去下单]]>
    </line>
    <line>
      <![CDATA[load file:test-data/CheckOut.xml]]>
    </line>
    <line>
      <![CDATA[定位地址：跃进农场]]>
    </line>
    <line>
      <![CDATA[<a href=screenShots/12-05-2017_06.17.51_定位跃进农场.png target='_blank' >12-05-2017_06.17.51_定位跃进农场.png</a>]]>
    </line>
    <line>
      <![CDATA[<img src=/opensite/test-output/screenShots/12-05-2017_06.17.51_定位跃进农场.png>]]>
    </line>
    <line>
      <![CDATA[搜索进入店铺：第三方小程序]]>
    </line>
    <line>
      <![CDATA[添加食物]]>
    </line>
    <line>
      <![CDATA[去下单]]>
    </line>
    <line>
      <![CDATA[定位地址：跃进农场]]>
    </line>
    <line>
      <![CDATA[<a href=screenShots/12-05-2017_06.18.11_定位跃进农场.png target='_blank' >12-05-2017_06.18.11_定位跃进农场.png</a>]]>
    </line>
    <line>
      <![CDATA[<img src=/opensite/test-output/screenShots/12-05-2017_06.18.11_定位跃进农场.png>]]>
    </line>
    <line>
      <![CDATA[搜索进入店铺：第三方小程序]]>
    </line>
    <line>
      <![CDATA[添加食物]]>
    </line>
    <line>
      <![CDATA[去下单]]>
    </line>
  </reporter-output>
  <suite name="smoke" duration-ms="92870" started-at="2017-12-05T10:16:47Z" finished-at="2017-12-05T10:18:20Z">
    <groups>
    </groups>
    <test name="下单" duration-ms="46144" started-at="2017-12-05T10:16:47Z" finished-at="2017-12-05T10:17:33Z">
      <class name="me.ele.opensite.pages.checkout.CheckOut">
        <test-method status="PASS" signature="setUp()[pri:0, instance:me.ele.opensite.pages.checkout.CheckOut@13969fbe]" name="setUp" is-config="true" duration-ms="3818" started-at="2017-12-05T18:16:48Z" finished-at="2017-12-05T18:16:51Z">
          <reporter-output>
            <line>
              <![CDATA[load file:config/config.xml]]>
            </line>
          </reporter-output>
        </test-method> <!-- setUp -->
        <test-method status="PASS" signature="testCheckOut(java.util.Map)[pri:0, instance:me.ele.opensite.pages.checkout.CheckOut@13969fbe]" name="testCheckOut" duration-ms="21735" started-at="2017-12-05T18:16:51Z" data-provider="providerMethod" finished-at="2017-12-05T18:17:13Z">
          <params>
            <param index="0">
              <value>
                <![CDATA[{keywords=跃进农场, shopName=第三方小程序, url=http://h5-vip.faas.ele.me/msite}]]>
              </value>
            </param>
          </params>
          <reporter-output>
            <line>
              <![CDATA[定位地址：跃进农场]]>
            </line>
            <line>
              <![CDATA[<a href=screenShots/12-05-2017_06.17.04_定位跃进农场.png target='_blank' >12-05-2017_06.17.04_定位跃进农场.png</a>]]>
            </line>
            <line>
              <![CDATA[<img src=/opensite/test-output/screenShots/12-05-2017_06.17.04_定位跃进农场.png>]]>
            </line>
            <line>
              <![CDATA[搜索进入店铺：第三方小程序]]>
            </line>
            <line>
              <![CDATA[添加食物]]>
            </line>
            <line>
              <![CDATA[去下单]]>
            </line>
          </reporter-output>
        </test-method> <!-- testCheckOut -->
        <test-method status="PASS" signature="tearDown()[pri:0, instance:me.ele.opensite.pages.checkout.CheckOut@13969fbe]" name="tearDown" is-config="true" duration-ms="291" started-at="2017-12-05T18:17:13Z" finished-at="2017-12-05T18:17:13Z">
          <reporter-output>
          </reporter-output>
        </test-method> <!-- tearDown -->
        <test-method status="PASS" signature="setUp()[pri:0, instance:me.ele.opensite.pages.checkout.CheckOut@13969fbe]" name="setUp" is-config="true" duration-ms="993" started-at="2017-12-05T18:17:13Z" finished-at="2017-12-05T18:17:14Z">
          <reporter-output>
          </reporter-output>
        </test-method> <!-- setUp -->
        <test-method status="PASS" signature="testCheckOut(java.util.Map)[pri:0, instance:me.ele.opensite.pages.checkout.CheckOut@13969fbe]" name="testCheckOut" duration-ms="18563" started-at="2017-12-05T18:17:14Z" data-provider="providerMethod" finished-at="2017-12-05T18:17:33Z">
          <params>
            <param index="0">
              <value>
                <![CDATA[{keywords=跃进农场, shopName=第三方小程序, url=http://h5-vip.faas.ele.me/msite}]]>
              </value>
            </param>
          </params>
          <reporter-output>
            <line>
              <![CDATA[定位地址：跃进农场]]>
            </line>
            <line>
              <![CDATA[<a href=screenShots/12-05-2017_06.17.25_定位跃进农场.png target='_blank' >12-05-2017_06.17.25_定位跃进农场.png</a>]]>
            </line>
            <line>
              <![CDATA[<img src=/opensite/test-output/screenShots/12-05-2017_06.17.25_定位跃进农场.png>]]>
            </line>
            <line>
              <![CDATA[搜索进入店铺：第三方小程序]]>
            </line>
            <line>
              <![CDATA[添加食物]]>
            </line>
            <line>
              <![CDATA[去下单]]>
            </line>
          </reporter-output>
        </test-method> <!-- testCheckOut -->
        <test-method status="PASS" signature="tearDown()[pri:0, instance:me.ele.opensite.pages.checkout.CheckOut@13969fbe]" name="tearDown" is-config="true" duration-ms="221" started-at="2017-12-05T18:17:33Z" finished-at="2017-12-05T18:17:33Z">
          <reporter-output>
          </reporter-output>
        </test-method> <!-- tearDown -->
      </class> <!-- me.ele.opensite.pages.checkout.CheckOut -->
    </test> <!-- 下单 -->
    <test name="下单2" duration-ms="41695" started-at="2017-12-05T10:17:38Z" finished-at="2017-12-05T10:18:20Z">
      <class name="me.ele.opensite.pages.checkout.CheckOut">
        <test-method status="PASS" signature="setUp()[pri:0, instance:me.ele.opensite.pages.checkout.CheckOut@4e04a765]" name="setUp" is-config="true" duration-ms="755" started-at="2017-12-05T18:17:38Z" finished-at="2017-12-05T18:17:39Z">
          <reporter-output>
          </reporter-output>
        </test-method> <!-- setUp -->
        <test-method status="PASS" signature="testCheckOut(java.util.Map)[pri:0, instance:me.ele.opensite.pages.checkout.CheckOut@4e04a765]" name="testCheckOut" duration-ms="19437" started-at="2017-12-05T18:17:39Z" data-provider="providerMethod" finished-at="2017-12-05T18:17:58Z">
          <params>
            <param index="0">
              <value>
                <![CDATA[{keywords=跃进农场, shopName=第三方小程序, url=http://h5-vip.faas.ele.me/msite}]]>
              </value>
            </param>
          </params>
          <reporter-output>
            <line>
              <![CDATA[定位地址：跃进农场]]>
            </line>
            <line>
              <![CDATA[<a href=screenShots/12-05-2017_06.17.51_定位跃进农场.png target='_blank' >12-05-2017_06.17.51_定位跃进农场.png</a>]]>
            </line>
            <line>
              <![CDATA[<img src=/opensite/test-output/screenShots/12-05-2017_06.17.51_定位跃进农场.png>]]>
            </line>
            <line>
              <![CDATA[搜索进入店铺：第三方小程序]]>
            </line>
            <line>
              <![CDATA[添加食物]]>
            </line>
            <line>
              <![CDATA[去下单]]>
            </line>
          </reporter-output>
        </test-method> <!-- testCheckOut -->
        <test-method status="PASS" signature="tearDown()[pri:0, instance:me.ele.opensite.pages.checkout.CheckOut@4e04a765]" name="tearDown" is-config="true" duration-ms="204" started-at="2017-12-05T18:17:58Z" finished-at="2017-12-05T18:17:59Z">
          <reporter-output>
          </reporter-output>
        </test-method> <!-- tearDown -->
        <test-method status="PASS" signature="setUp()[pri:0, instance:me.ele.opensite.pages.checkout.CheckOut@4e04a765]" name="setUp" is-config="true" duration-ms="1170" started-at="2017-12-05T18:17:59Z" finished-at="2017-12-05T18:18:00Z">
          <reporter-output>
          </reporter-output>
        </test-method> <!-- setUp -->
        <test-method status="PASS" signature="testCheckOut(java.util.Map)[pri:0, instance:me.ele.opensite.pages.checkout.CheckOut@4e04a765]" name="testCheckOut" duration-ms="19777" started-at="2017-12-05T18:18:00Z" data-provider="providerMethod" finished-at="2017-12-05T18:18:20Z">
          <params>
            <param index="0">
              <value>
                <![CDATA[{keywords=跃进农场, shopName=第三方小程序, url=http://h5-vip.faas.ele.me/msite}]]>
              </value>
            </param>
          </params>
          <reporter-output>
            <line>
              <![CDATA[定位地址：跃进农场]]>
            </line>
            <line>
              <![CDATA[<a href=screenShots/12-05-2017_06.18.11_定位跃进农场.png target='_blank' >12-05-2017_06.18.11_定位跃进农场.png</a>]]>
            </line>
            <line>
              <![CDATA[<img src=/opensite/test-output/screenShots/12-05-2017_06.18.11_定位跃进农场.png>]]>
            </line>
            <line>
              <![CDATA[搜索进入店铺：第三方小程序]]>
            </line>
            <line>
              <![CDATA[添加食物]]>
            </line>
            <line>
              <![CDATA[去下单]]>
            </line>
          </reporter-output>
        </test-method> <!-- testCheckOut -->
        <test-method status="PASS" signature="tearDown()[pri:0, instance:me.ele.opensite.pages.checkout.CheckOut@4e04a765]" name="tearDown" is-config="true" duration-ms="346" started-at="2017-12-05T18:18:20Z" finished-at="2017-12-05T18:18:20Z">
          <reporter-output>
          </reporter-output>
        </test-method> <!-- tearDown -->
      </class> <!-- me.ele.opensite.pages.checkout.CheckOut -->
    </test> <!-- 下单2 -->
  </suite> <!-- smoke -->
</testng-results>
